{"/home/claude/leilao-microservices/auth-service/src/services/authService.js": {"path":"/home/claude/leilao-microservices/auth-service/src/services/authService.js","statementMap":{"0":{"start":{"line":1,"column":26},"end":{"line":1,"column":70}},"1":{"start":{"line":2,"column":37},"end":{"line":2,"column":65}},"2":{"start":{"line":3,"column":23},"end":{"line":3,"column":46}},"3":{"start":{"line":5,"column":23},"end":{"line":5,"column":49}},"4":{"start":{"line":9,"column":4},"end":{"line":9,"column":20}},"5":{"start":{"line":10,"column":4},"end":{"line":10,"column":34}},"6":{"start":{"line":11,"column":4},"end":{"line":11,"column":25}},"7":{"start":{"line":16,"column":2},"end":{"line":18,"column":3}},"8":{"start":{"line":17,"column":4},"end":{"line":17,"column":70}},"9":{"start":{"line":19,"column":21},"end":{"line":19,"column":49}},"10":{"start":{"line":20,"column":2},"end":{"line":22,"column":3}},"11":{"start":{"line":21,"column":4},"end":{"line":21,"column":50}},"12":{"start":{"line":23,"column":2},"end":{"line":25,"column":3}},"13":{"start":{"line":24,"column":4},"end":{"line":24,"column":71}},"14":{"start":{"line":26,"column":2},"end":{"line":30,"column":3}},"15":{"start":{"line":27,"column":4},"end":{"line":29,"column":6}},"16":{"start":{"line":39,"column":2},"end":{"line":39,"column":49}},"17":{"start":{"line":41,"column":20},"end":{"line":41,"column":65}},"18":{"start":{"line":42,"column":2},"end":{"line":44,"column":3}},"19":{"start":{"line":43,"column":4},"end":{"line":43,"column":87}},"20":{"start":{"line":46,"column":20},"end":{"line":46,"column":42}},"21":{"start":{"line":47,"column":18},"end":{"line":47,"column":82}},"22":{"start":{"line":49,"column":15},"end":{"line":49,"column":19}},"23":{"start":{"line":50,"column":2},"end":{"line":59,"column":3}},"24":{"start":{"line":51,"column":4},"end":{"line":51,"column":83}},"25":{"start":{"line":52,"column":4},"end":{"line":54,"column":5}},"26":{"start":{"line":53,"column":6},"end":{"line":53,"column":71}},"27":{"start":{"line":58,"column":4},"end":{"line":58,"column":77}},"28":{"start":{"line":61,"column":16},"end":{"line":61,"column":35}},"29":{"start":{"line":62,"column":2},"end":{"line":62,"column":56}},"30":{"start":{"line":66,"column":29},"end":{"line":66,"column":61}},"31":{"start":{"line":67,"column":2},"end":{"line":67,"column":39}},"32":{"start":{"line":67,"column":27},"end":{"line":67,"column":39}},"33":{"start":{"line":69,"column":15},"end":{"line":69,"column":66}},"34":{"start":{"line":70,"column":19},"end":{"line":79,"column":4}},"35":{"start":{"line":81,"column":2},"end":{"line":84,"column":3}},"36":{"start":{"line":82,"column":18},"end":{"line":82,"column":39}},"37":{"start":{"line":83,"column":4},"end":{"line":83,"column":78}},"38":{"start":{"line":85,"column":2},"end":{"line":85,"column":25}},"39":{"start":{"line":89,"column":2},"end":{"line":91,"column":3}},"40":{"start":{"line":90,"column":4},"end":{"line":90,"column":57}},"41":{"start":{"line":93,"column":18},"end":{"line":93,"column":63}},"42":{"start":{"line":94,"column":2},"end":{"line":96,"column":3}},"43":{"start":{"line":95,"column":4},"end":{"line":95,"column":61}},"44":{"start":{"line":98,"column":23},"end":{"line":98,"column":69}},"45":{"start":{"line":99,"column":2},"end":{"line":101,"column":3}},"46":{"start":{"line":100,"column":4},"end":{"line":100,"column":61}},"47":{"start":{"line":103,"column":16},"end":{"line":103,"column":35}},"48":{"start":{"line":104,"column":2},"end":{"line":104,"column":48}},"49":{"start":{"line":108,"column":35},"end":{"line":108,"column":42}},"50":{"start":{"line":109,"column":2},"end":{"line":109,"column":15}},"51":{"start":{"line":112,"column":0},"end":{"line":112,"column":72}}},"fnMap":{"0":{"name":"(anonymous_0)","decl":{"start":{"line":8,"column":2},"end":{"line":8,"column":3}},"loc":{"start":{"line":8,"column":38},"end":{"line":12,"column":3}},"line":8},"1":{"name":"validarRegistro","decl":{"start":{"line":15,"column":9},"end":{"line":15,"column":24}},"loc":{"start":{"line":15,"column":56},"end":{"line":31,"column":1}},"line":15},"2":{"name":"registrar","decl":{"start":{"line":38,"column":15},"end":{"line":38,"column":24}},"loc":{"start":{"line":38,"column":69},"end":{"line":63,"column":1}},"line":38},"3":{"name":"criarPerfilNoUsuariosService","decl":{"start":{"line":65,"column":15},"end":{"line":65,"column":43}},"loc":{"start":{"line":65,"column":73},"end":{"line":86,"column":1}},"line":65},"4":{"name":"login","decl":{"start":{"line":88,"column":15},"end":{"line":88,"column":20}},"loc":{"start":{"line":88,"column":39},"end":{"line":105,"column":1}},"line":88},"5":{"name":"sanitizar","decl":{"start":{"line":107,"column":9},"end":{"line":107,"column":18}},"loc":{"start":{"line":107,"column":28},"end":{"line":110,"column":1}},"line":107}},"branchMap":{"0":{"loc":{"start":{"line":8,"column":24},"end":{"line":8,"column":36}},"type":"default-arg","locations":[{"start":{"line":8,"column":33},"end":{"line":8,"column":36}}],"line":8},"1":{"loc":{"start":{"line":16,"column":2},"end":{"line":18,"column":3}},"type":"if","locations":[{"start":{"line":16,"column":2},"end":{"line":18,"column":3}},{"start":{},"end":{}}],"line":16},"2":{"loc":{"start":{"line":16,"column":6},"end":{"line":16,"column":37}},"type":"binary-expr","locations":[{"start":{"line":16,"column":6},"end":{"line":16,"column":11}},{"start":{"line":16,"column":15},"end":{"line":16,"column":37}}],"line":16},"3":{"loc":{"start":{"line":20,"column":2},"end":{"line":22,"column":3}},"type":"if","locations":[{"start":{"line":20,"column":2},"end":{"line":22,"column":3}},{"start":{},"end":{}}],"line":20},"4":{"loc":{"start":{"line":20,"column":6},"end":{"line":20,"column":39}},"type":"binary-expr","locations":[{"start":{"line":20,"column":6},"end":{"line":20,"column":12}},{"start":{"line":20,"column":16},"end":{"line":20,"column":39}}],"line":20},"5":{"loc":{"start":{"line":23,"column":2},"end":{"line":25,"column":3}},"type":"if","locations":[{"start":{"line":23,"column":2},"end":{"line":25,"column":3}},{"start":{},"end":{}}],"line":23},"6":{"loc":{"start":{"line":23,"column":6},"end":{"line":23,"column":32}},"type":"binary-expr","locations":[{"start":{"line":23,"column":6},"end":{"line":23,"column":12}},{"start":{"line":23,"column":16},"end":{"line":23,"column":32}}],"line":23},"7":{"loc":{"start":{"line":26,"column":2},"end":{"line":30,"column":3}},"type":"if","locations":[{"start":{"line":26,"column":2},"end":{"line":30,"column":3}},{"start":{},"end":{}}],"line":26},"8":{"loc":{"start":{"line":42,"column":2},"end":{"line":44,"column":3}},"type":"if","locations":[{"start":{"line":42,"column":2},"end":{"line":44,"column":3}},{"start":{},"end":{}}],"line":42},"9":{"loc":{"start":{"line":51,"column":64},"end":{"line":51,"column":81}},"type":"binary-expr","locations":[{"start":{"line":51,"column":64},"end":{"line":51,"column":75}},{"start":{"line":51,"column":79},"end":{"line":51,"column":81}}],"line":51},"10":{"loc":{"start":{"line":52,"column":4},"end":{"line":54,"column":5}},"type":"if","locations":[{"start":{"line":52,"column":4},"end":{"line":54,"column":5}},{"start":{},"end":{}}],"line":52},"11":{"loc":{"start":{"line":52,"column":8},"end":{"line":52,"column":27}},"type":"binary-expr","locations":[{"start":{"line":52,"column":8},"end":{"line":52,"column":14}},{"start":{"line":52,"column":18},"end":{"line":52,"column":27}}],"line":52},"12":{"loc":{"start":{"line":67,"column":2},"end":{"line":67,"column":39}},"type":"if","locations":[{"start":{"line":67,"column":2},"end":{"line":67,"column":39}},{"start":{},"end":{}}],"line":67},"13":{"loc":{"start":{"line":69,"column":15},"end":{"line":69,"column":66}},"type":"cond-expr","locations":[{"start":{"line":69,"column":39},"end":{"line":69,"column":51}},{"start":{"line":69,"column":54},"end":{"line":69,"column":66}}],"line":69},"14":{"loc":{"start":{"line":81,"column":2},"end":{"line":84,"column":3}},"type":"if","locations":[{"start":{"line":81,"column":2},"end":{"line":84,"column":3}},{"start":{},"end":{}}],"line":81},"15":{"loc":{"start":{"line":89,"column":2},"end":{"line":91,"column":3}},"type":"if","locations":[{"start":{"line":89,"column":2},"end":{"line":91,"column":3}},{"start":{},"end":{}}],"line":89},"16":{"loc":{"start":{"line":89,"column":6},"end":{"line":89,"column":22}},"type":"binary-expr","locations":[{"start":{"line":89,"column":6},"end":{"line":89,"column":12}},{"start":{"line":89,"column":16},"end":{"line":89,"column":22}}],"line":89},"17":{"loc":{"start":{"line":94,"column":2},"end":{"line":96,"column":3}},"type":"if","locations":[{"start":{"line":94,"column":2},"end":{"line":96,"column":3}},{"start":{},"end":{}}],"line":94},"18":{"loc":{"start":{"line":99,"column":2},"end":{"line":101,"column":3}},"type":"if","locations":[{"start":{"line":99,"column":2},"end":{"line":101,"column":3}},{"start":{},"end":{}}],"line":99}},"s":{"0":1,"1":1,"2":1,"3":1,"4":7,"5":7,"6":7,"7":7,"8":1,"9":6,"10":6,"11":1,"12":5,"13":1,"14":4,"15":1,"16":2,"17":2,"18":2,"19":1,"20":1,"21":1,"22":1,"23":1,"24":1,"25":1,"26":1,"27":0,"28":1,"29":1,"30":1,"31":1,"32":0,"33":1,"34":1,"35":1,"36":0,"37":0,"38":1,"39":3,"40":0,"41":3,"42":3,"43":1,"44":2,"45":2,"46":1,"47":1,"48":1,"49":2,"50":2,"51":1},"f":{"0":7,"1":7,"2":2,"3":1,"4":3,"5":2},"b":{"0":[4],"1":[1,6],"2":[7,7],"3":[1,5],"4":[6,6],"5":[1,4],"6":[5,5],"7":[1,3],"8":[1,1],"9":[1,0],"10":[1,0],"11":[1,1],"12":[0,1],"13":[0,1],"14":[0,1],"15":[0,3],"16":[3,3],"17":[1,2],"18":[1,1]},"_coverageSchema":"1a1c01bbd47fc00a2c39e90264f33305004495a9","hash":"5619d0426d4449a5837222af2a139d23f4947a8a"}
,"/home/claude/leilao-microservices/auth-service/src/utils/jwt.js": {"path":"/home/claude/leilao-microservices/auth-service/src/utils/jwt.js","statementMap":{"0":{"start":{"line":1,"column":12},"end":{"line":1,"column":35}},"1":{"start":{"line":3,"column":15},"end":{"line":3,"column":37}},"2":{"start":{"line":4,"column":15},"end":{"line":4,"column":37}},"3":{"start":{"line":5,"column":19},"end":{"line":5,"column":53}},"4":{"start":{"line":8,"column":2},"end":{"line":20,"column":4}},"5":{"start":{"line":24,"column":2},"end":{"line":24,"column":55}},"6":{"start":{"line":27,"column":0},"end":{"line":27,"column":48}}},"fnMap":{"0":{"name":"gerarToken","decl":{"start":{"line":7,"column":9},"end":{"line":7,"column":19}},"loc":{"start":{"line":7,"column":29},"end":{"line":21,"column":1}},"line":7},"1":{"name":"verificarToken","decl":{"start":{"line":23,"column":9},"end":{"line":23,"column":23}},"loc":{"start":{"line":23,"column":31},"end":{"line":25,"column":1}},"line":23}},"branchMap":{"0":{"loc":{"start":{"line":5,"column":19},"end":{"line":5,"column":53}},"type":"binary-expr","locations":[{"start":{"line":5,"column":19},"end":{"line":5,"column":45}},{"start":{"line":5,"column":49},"end":{"line":5,"column":53}}],"line":5}},"s":{"0":0,"1":0,"2":0,"3":0,"4":0,"5":0,"6":0},"f":{"0":0,"1":0},"b":{"0":[0,0]}}
,"/home/claude/leilao-microservices/auth-service/src/utils/password.js": {"path":"/home/claude/leilao-microservices/auth-service/src/utils/password.js","statementMap":{"0":{"start":{"line":1,"column":15},"end":{"line":1,"column":34}},"1":{"start":{"line":4,"column":15},"end":{"line":4,"column":39}},"2":{"start":{"line":5,"column":2},"end":{"line":5,"column":39}},"3":{"start":{"line":9,"column":2},"end":{"line":9,"column":42}},"4":{"start":{"line":12,"column":0},"end":{"line":12,"column":46}}},"fnMap":{"0":{"name":"hashSenha","decl":{"start":{"line":3,"column":15},"end":{"line":3,"column":24}},"loc":{"start":{"line":3,"column":37},"end":{"line":6,"column":1}},"line":3},"1":{"name":"compararSenha","decl":{"start":{"line":8,"column":15},"end":{"line":8,"column":28}},"loc":{"start":{"line":8,"column":47},"end":{"line":10,"column":1}},"line":8}},"branchMap":{},"s":{"0":1,"1":3,"2":3,"3":2,"4":1},"f":{"0":3,"1":2},"b":{},"_coverageSchema":"1a1c01bbd47fc00a2c39e90264f33305004495a9","hash":"57477fab0738eb9d9706f05201acbb89602e714f"}
}
