TN:
SF:src/services/authService.js
FN:8,(anonymous_0)
FN:15,validarRegistro
FN:38,registrar
FN:65,criarPerfilNoUsuariosService
FN:88,login
FN:107,sanitizar
FNF:6
FNH:6
FNDA:7,(anonymous_0)
FNDA:7,validarRegistro
FNDA:2,registrar
FNDA:1,criarPerfilNoUsuariosService
FNDA:3,login
FNDA:2,sanitizar
DA:1,1
DA:2,1
DA:3,1
DA:5,1
DA:9,7
DA:10,7
DA:11,7
DA:16,7
DA:17,1
DA:19,6
DA:20,6
DA:21,1
DA:23,5
DA:24,1
DA:26,4
DA:27,1
DA:39,2
DA:41,2
DA:42,2
DA:43,1
DA:46,1
DA:47,1
DA:49,1
DA:50,1
DA:51,1
DA:52,1
DA:53,1
DA:58,0
DA:61,1
DA:62,1
DA:66,1
DA:67,1
DA:69,1
DA:70,1
DA:81,1
DA:82,0
DA:83,0
DA:85,1
DA:89,3
DA:90,0
DA:93,3
DA:94,3
DA:95,1
DA:98,2
DA:99,2
DA:100,1
DA:103,1
DA:104,1
DA:108,2
DA:109,2
DA:112,1
LF:51
LH:47
BRDA:8,0,0,4
BRDA:16,1,0,1
BRDA:16,1,1,6
BRDA:16,2,0,7
BRDA:16,2,1,7
BRDA:20,3,0,1
BRDA:20,3,1,5
BRDA:20,4,0,6
BRDA:20,4,1,6
BRDA:23,5,0,1
BRDA:23,5,1,4
BRDA:23,6,0,5
BRDA:23,6,1,5
BRDA:26,7,0,1
BRDA:26,7,1,3
BRDA:42,8,0,1
BRDA:42,8,1,1
BRDA:51,9,0,1
BRDA:51,9,1,0
BRDA:52,10,0,1
BRDA:52,10,1,0
BRDA:52,11,0,1
BRDA:52,11,1,1
BRDA:67,12,0,0
BRDA:67,12,1,1
BRDA:69,13,0,0
BRDA:69,13,1,1
BRDA:81,14,0,0
BRDA:81,14,1,1
BRDA:89,15,0,0
BRDA:89,15,1,3
BRDA:89,16,0,3
BRDA:89,16,1,3
BRDA:94,17,0,1
BRDA:94,17,1,2
BRDA:99,18,0,1
BRDA:99,18,1,1
BRF:37
BRH:31
end_of_record
TN:
SF:src/utils/jwt.js
FN:7,gerarToken
FN:23,verificarToken
FNF:2
FNH:0
FNDA:0,gerarToken
FNDA:0,verificarToken
DA:1,0
DA:3,0
DA:4,0
DA:5,0
DA:8,0
DA:24,0
DA:27,0
LF:7
LH:0
BRDA:5,0,0,0
BRDA:5,0,1,0
BRF:2
BRH:0
end_of_record
TN:
SF:src/utils/password.js
FN:3,hashSenha
FN:8,compararSenha
FNF:2
FNH:2
FNDA:3,hashSenha
FNDA:2,compararSenha
DA:1,1
DA:4,3
DA:5,3
DA:9,2
DA:12,1
LF:5
LH:5
BRF:0
BRH:0
end_of_record
