{"C:\\Users\\User\\Desktop\\UDESC\\Devops\\Trabalho 01\\API-Leiloes\\leiloes-service\\src\\services\\leilaoService.js": {"path":"C:\\Users\\User\\Desktop\\UDESC\\Devops\\Trabalho 01\\API-Leiloes\\leiloes-service\\src\\services\\leilaoService.js","statementMap":{"0":{"start":{"line":1,"column":25},"end":{"line":1,"column":68}},"1":{"start":{"line":2,"column":23},"end":{"line":2,"column":59}},"2":{"start":{"line":3,"column":28},"end":{"line":3,"column":53}},"3":{"start":{"line":12,"column":4},"end":{"line":12,"column":35}},"4":{"start":{"line":14,"column":31},"end":{"line":14,"column":33}},"5":{"start":{"line":28,"column":2},"end":{"line":30,"column":3}},"6":{"start":{"line":29,"column":4},"end":{"line":29,"column":72}},"7":{"start":{"line":31,"column":2},"end":{"line":33,"column":3}},"8":{"start":{"line":32,"column":4},"end":{"line":32,"column":95}},"9":{"start":{"line":34,"column":2},"end":{"line":36,"column":3}},"10":{"start":{"line":35,"column":4},"end":{"line":35,"column":72}},"11":{"start":{"line":37,"column":2},"end":{"line":39,"column":3}},"12":{"start":{"line":38,"column":4},"end":{"line":38,"column":76}},"13":{"start":{"line":40,"column":2},"end":{"line":42,"column":3}},"14":{"start":{"line":41,"column":4},"end":{"line":41,"column":91}},"15":{"start":{"line":43,"column":2},"end":{"line":45,"column":3}},"16":{"start":{"line":44,"column":4},"end":{"line":44,"column":88}},"17":{"start":{"line":47,"column":17},"end":{"line":47,"column":37}},"18":{"start":{"line":48,"column":14},"end":{"line":48,"column":31}},"19":{"start":{"line":50,"column":2},"end":{"line":52,"column":3}},"20":{"start":{"line":51,"column":4},"end":{"line":51,"column":82}},"21":{"start":{"line":53,"column":25},"end":{"line":53,"column":47}},"22":{"start":{"line":54,"column":2},"end":{"line":58,"column":3}},"23":{"start":{"line":55,"column":4},"end":{"line":57,"column":6}},"24":{"start":{"line":62,"column":2},"end":{"line":64,"column":3}},"25":{"start":{"line":63,"column":4},"end":{"line":63,"column":70}},"26":{"start":{"line":68,"column":2},"end":{"line":68,"column":42}},"27":{"start":{"line":72,"column":17},"end":{"line":72,"column":55}},"28":{"start":{"line":73,"column":2},"end":{"line":75,"column":3}},"29":{"start":{"line":74,"column":4},"end":{"line":74,"column":61}},"30":{"start":{"line":76,"column":2},"end":{"line":76,"column":16}},"31":{"start":{"line":85,"column":2},"end":{"line":87,"column":3}},"32":{"start":{"line":86,"column":4},"end":{"line":86,"column":80}},"33":{"start":{"line":90,"column":2},"end":{"line":100,"column":3}},"34":{"start":{"line":91,"column":4},"end":{"line":91,"column":66}},"35":{"start":{"line":93,"column":4},"end":{"line":98,"column":5}},"36":{"start":{"line":94,"column":6},"end":{"line":97,"column":8}},"37":{"start":{"line":99,"column":4},"end":{"line":99,"column":14}},"38":{"start":{"line":104,"column":2},"end":{"line":106,"column":3}},"39":{"start":{"line":105,"column":4},"end":{"line":105,"column":87}},"40":{"start":{"line":107,"column":2},"end":{"line":107,"column":19}},"41":{"start":{"line":115,"column":17},"end":{"line":115,"column":88}},"42":{"start":{"line":116,"column":19},"end":{"line":118,"column":3}},"43":{"start":{"line":117,"column":4},"end":{"line":117,"column":79}},"44":{"start":{"line":120,"column":2},"end":{"line":125,"column":3}},"45":{"start":{"line":121,"column":4},"end":{"line":124,"column":6}},"46":{"start":{"line":140,"column":6},"end":{"line":140,"column":11}},"47":{"start":{"line":142,"column":2},"end":{"line":142,"column":22}},"48":{"start":{"line":143,"column":2},"end":{"line":143,"column":32}},"49":{"start":{"line":144,"column":2},"end":{"line":144,"column":45}},"50":{"start":{"line":145,"column":2},"end":{"line":145,"column":62}},"51":{"start":{"line":147,"column":2},"end":{"line":158,"column":5}},"52":{"start":{"line":166,"column":17},"end":{"line":166,"column":38}},"53":{"start":{"line":168,"column":2},"end":{"line":173,"column":3}},"54":{"start":{"line":169,"column":4},"end":{"line":172,"column":6}},"55":{"start":{"line":175,"column":21},"end":{"line":182,"column":3}},"56":{"start":{"line":184,"column":2},"end":{"line":184,"column":27}},"57":{"start":{"line":186,"column":2},"end":{"line":193,"column":3}},"58":{"start":{"line":187,"column":4},"end":{"line":192,"column":6}},"59":{"start":{"line":195,"column":2},"end":{"line":199,"column":5}},"60":{"start":{"line":208,"column":2},"end":{"line":210,"column":3}},"61":{"start":{"line":209,"column":4},"end":{"line":209,"column":96}},"62":{"start":{"line":212,"column":17},"end":{"line":212,"column":38}},"63":{"start":{"line":214,"column":2},"end":{"line":219,"column":3}},"64":{"start":{"line":215,"column":4},"end":{"line":218,"column":6}},"65":{"start":{"line":221,"column":2},"end":{"line":221,"column":58}},"66":{"start":{"line":225,"column":2},"end":{"line":225,"column":37}},"67":{"start":{"line":229,"column":2},"end":{"line":229,"column":40}},"68":{"start":{"line":233,"column":2},"end":{"line":233,"column":40}},"69":{"start":{"line":241,"column":17},"end":{"line":241,"column":38}},"70":{"start":{"line":242,"column":16},"end":{"line":242,"column":26}},"71":{"start":{"line":245,"column":4},"end":{"line":245,"column":79}},"72":{"start":{"line":247,"column":2},"end":{"line":255,"column":4}},"73":{"start":{"line":259,"column":17},"end":{"line":259,"column":38}},"74":{"start":{"line":260,"column":2},"end":{"line":265,"column":3}},"75":{"start":{"line":261,"column":4},"end":{"line":264,"column":6}},"76":{"start":{"line":266,"column":2},"end":{"line":266,"column":38}},"77":{"start":{"line":269,"column":0},"end":{"line":284,"column":2}}},"fnMap":{"0":{"name":"validarDados","decl":{"start":{"line":20,"column":9},"end":{"line":20,"column":21}},"loc":{"start":{"line":27,"column":3},"end":{"line":59,"column":1}},"line":27},"1":{"name":"validarDataFutura","decl":{"start":{"line":61,"column":9},"end":{"line":61,"column":26}},"loc":{"start":{"line":61,"column":39},"end":{"line":65,"column":1}},"line":61},"2":{"name":"listar","decl":{"start":{"line":67,"column":15},"end":{"line":67,"column":21}},"loc":{"start":{"line":67,"column":31},"end":{"line":69,"column":1}},"line":67},"3":{"name":"buscarPorId","decl":{"start":{"line":71,"column":15},"end":{"line":71,"column":26}},"loc":{"start":{"line":71,"column":31},"end":{"line":77,"column":1}},"line":71},"4":{"name":"garantirLeiloeiroExiste","decl":{"start":{"line":84,"column":15},"end":{"line":84,"column":38}},"loc":{"start":{"line":84,"column":52},"end":{"line":108,"column":1}},"line":84},"5":{"name":"garantirAgendaLivre","decl":{"start":{"line":114,"column":15},"end":{"line":114,"column":34}},"loc":{"start":{"line":114,"column":87},"end":{"line":126,"column":1}},"line":114},"6":{"name":"(anonymous_6)","decl":{"start":{"line":116,"column":39},"end":{"line":116,"column":40}},"loc":{"start":{"line":117,"column":4},"end":{"line":117,"column":79}},"line":117},"7":{"name":"cadastrar","decl":{"start":{"line":128,"column":15},"end":{"line":128,"column":24}},"loc":{"start":{"line":128,"column":32},"end":{"line":159,"column":1}},"line":128},"8":{"name":"atualizar","decl":{"start":{"line":165,"column":15},"end":{"line":165,"column":24}},"loc":{"start":{"line":165,"column":36},"end":{"line":200,"column":1}},"line":165},"9":{"name":"alterarStatus","decl":{"start":{"line":207,"column":15},"end":{"line":207,"column":28}},"loc":{"start":{"line":207,"column":45},"end":{"line":222,"column":1}},"line":207},"10":{"name":"abrir","decl":{"start":{"line":224,"column":15},"end":{"line":224,"column":20}},"loc":{"start":{"line":224,"column":25},"end":{"line":226,"column":1}},"line":224},"11":{"name":"encerrar","decl":{"start":{"line":228,"column":15},"end":{"line":228,"column":23}},"loc":{"start":{"line":228,"column":28},"end":{"line":230,"column":1}},"line":228},"12":{"name":"cancelar","decl":{"start":{"line":232,"column":15},"end":{"line":232,"column":23}},"loc":{"start":{"line":232,"column":28},"end":{"line":234,"column":1}},"line":232},"13":{"name":"consultarDisponibilidade","decl":{"start":{"line":240,"column":15},"end":{"line":240,"column":39}},"loc":{"start":{"line":240,"column":44},"end":{"line":256,"column":1}},"line":240},"14":{"name":"remover","decl":{"start":{"line":258,"column":15},"end":{"line":258,"column":22}},"loc":{"start":{"line":258,"column":27},"end":{"line":267,"column":1}},"line":258}},"branchMap":{"0":{"loc":{"start":{"line":28,"column":2},"end":{"line":30,"column":3}},"type":"if","locations":[{"start":{"line":28,"column":2},"end":{"line":30,"column":3}},{"start":{},"end":{}}],"line":28},"1":{"loc":{"start":{"line":28,"column":6},"end":{"line":28,"column":41}},"type":"binary-expr","locations":[{"start":{"line":28,"column":6},"end":{"line":28,"column":13}},{"start":{"line":28,"column":17},"end":{"line":28,"column":41}}],"line":28},"2":{"loc":{"start":{"line":31,"column":2},"end":{"line":33,"column":3}},"type":"if","locations":[{"start":{"line":31,"column":2},"end":{"line":33,"column":3}},{"start":{},"end":{}}],"line":31},"3":{"loc":{"start":{"line":34,"column":2},"end":{"line":36,"column":3}},"type":"if","locations":[{"start":{"line":34,"column":2},"end":{"line":36,"column":3}},{"start":{},"end":{}}],"line":34},"4":{"loc":{"start":{"line":37,"column":2},"end":{"line":39,"column":3}},"type":"if","locations":[{"start":{"line":37,"column":2},"end":{"line":39,"column":3}},{"start":{},"end":{}}],"line":37},"5":{"loc":{"start":{"line":40,"column":2},"end":{"line":42,"column":3}},"type":"if","locations":[{"start":{"line":40,"column":2},"end":{"line":42,"column":3}},{"start":{},"end":{}}],"line":40},"6":{"loc":{"start":{"line":43,"column":2},"end":{"line":45,"column":3}},"type":"if","locations":[{"start":{"line":43,"column":2},"end":{"line":45,"column":3}},{"start":{},"end":{}}],"line":43},"7":{"loc":{"start":{"line":43,"column":6},"end":{"line":43,"column":53}},"type":"binary-expr","locations":[{"start":{"line":43,"column":6},"end":{"line":43,"column":29}},{"start":{"line":43,"column":33},"end":{"line":43,"column":53}}],"line":43},"8":{"loc":{"start":{"line":50,"column":2},"end":{"line":52,"column":3}},"type":"if","locations":[{"start":{"line":50,"column":2},"end":{"line":52,"column":3}},{"start":{},"end":{}}],"line":50},"9":{"loc":{"start":{"line":54,"column":2},"end":{"line":58,"column":3}},"type":"if","locations":[{"start":{"line":54,"column":2},"end":{"line":58,"column":3}},{"start":{},"end":{}}],"line":54},"10":{"loc":{"start":{"line":62,"column":2},"end":{"line":64,"column":3}},"type":"if","locations":[{"start":{"line":62,"column":2},"end":{"line":64,"column":3}},{"start":{},"end":{}}],"line":62},"11":{"loc":{"start":{"line":73,"column":2},"end":{"line":75,"column":3}},"type":"if","locations":[{"start":{"line":73,"column":2},"end":{"line":75,"column":3}},{"start":{},"end":{}}],"line":73},"12":{"loc":{"start":{"line":85,"column":2},"end":{"line":87,"column":3}},"type":"if","locations":[{"start":{"line":85,"column":2},"end":{"line":87,"column":3}},{"start":{},"end":{}}],"line":85},"13":{"loc":{"start":{"line":93,"column":4},"end":{"line":98,"column":5}},"type":"if","locations":[{"start":{"line":93,"column":4},"end":{"line":98,"column":5}},{"start":{},"end":{}}],"line":93},"14":{"loc":{"start":{"line":104,"column":2},"end":{"line":106,"column":3}},"type":"if","locations":[{"start":{"line":104,"column":2},"end":{"line":106,"column":3}},{"start":{},"end":{}}],"line":104},"15":{"loc":{"start":{"line":104,"column":6},"end":{"line":104,"column":60}},"type":"binary-expr","locations":[{"start":{"line":104,"column":6},"end":{"line":104,"column":24}},{"start":{"line":104,"column":28},"end":{"line":104,"column":60}}],"line":104},"16":{"loc":{"start":{"line":114,"column":69},"end":{"line":114,"column":85}},"type":"default-arg","locations":[{"start":{"line":114,"column":81},"end":{"line":114,"column":85}}],"line":114},"17":{"loc":{"start":{"line":116,"column":20},"end":{"line":116,"column":32}},"type":"binary-expr","locations":[{"start":{"line":116,"column":20},"end":{"line":116,"column":26}},{"start":{"line":116,"column":30},"end":{"line":116,"column":32}}],"line":116},"18":{"loc":{"start":{"line":120,"column":2},"end":{"line":125,"column":3}},"type":"if","locations":[{"start":{"line":120,"column":2},"end":{"line":125,"column":3}},{"start":{},"end":{}}],"line":120},"19":{"loc":{"start":{"line":168,"column":2},"end":{"line":173,"column":3}},"type":"if","locations":[{"start":{"line":168,"column":2},"end":{"line":173,"column":3}},{"start":{},"end":{}}],"line":168},"20":{"loc":{"start":{"line":176,"column":12},"end":{"line":176,"column":41}},"type":"binary-expr","locations":[{"start":{"line":176,"column":12},"end":{"line":176,"column":24}},{"start":{"line":176,"column":28},"end":{"line":176,"column":41}}],"line":176},"21":{"loc":{"start":{"line":177,"column":20},"end":{"line":177,"column":66}},"type":"binary-expr","locations":[{"start":{"line":177,"column":20},"end":{"line":177,"column":40}},{"start":{"line":177,"column":44},"end":{"line":177,"column":66}}],"line":177},"22":{"loc":{"start":{"line":178,"column":18},"end":{"line":178,"column":60}},"type":"binary-expr","locations":[{"start":{"line":178,"column":18},"end":{"line":178,"column":36}},{"start":{"line":178,"column":40},"end":{"line":178,"column":60}}],"line":178},"23":{"loc":{"start":{"line":179,"column":22},"end":{"line":179,"column":72}},"type":"binary-expr","locations":[{"start":{"line":179,"column":22},"end":{"line":179,"column":44}},{"start":{"line":179,"column":48},"end":{"line":179,"column":72}}],"line":179},"24":{"loc":{"start":{"line":180,"column":16},"end":{"line":180,"column":54}},"type":"binary-expr","locations":[{"start":{"line":180,"column":16},"end":{"line":180,"column":32}},{"start":{"line":180,"column":36},"end":{"line":180,"column":54}}],"line":180},"25":{"loc":{"start":{"line":181,"column":13},"end":{"line":181,"column":45}},"type":"binary-expr","locations":[{"start":{"line":181,"column":13},"end":{"line":181,"column":26}},{"start":{"line":181,"column":30},"end":{"line":181,"column":45}}],"line":181},"26":{"loc":{"start":{"line":186,"column":2},"end":{"line":193,"column":3}},"type":"if","locations":[{"start":{"line":186,"column":2},"end":{"line":193,"column":3}},{"start":{},"end":{}}],"line":186},"27":{"loc":{"start":{"line":186,"column":6},"end":{"line":186,"column":39}},"type":"binary-expr","locations":[{"start":{"line":186,"column":6},"end":{"line":186,"column":22}},{"start":{"line":186,"column":26},"end":{"line":186,"column":39}}],"line":186},"28":{"loc":{"start":{"line":197,"column":16},"end":{"line":197,"column":68}},"type":"cond-expr","locations":[{"start":{"line":197,"column":35},"end":{"line":197,"column":61}},{"start":{"line":197,"column":64},"end":{"line":197,"column":68}}],"line":197},"29":{"loc":{"start":{"line":198,"column":13},"end":{"line":198,"column":59}},"type":"cond-expr","locations":[{"start":{"line":198,"column":29},"end":{"line":198,"column":52}},{"start":{"line":198,"column":55},"end":{"line":198,"column":59}}],"line":198},"30":{"loc":{"start":{"line":208,"column":2},"end":{"line":210,"column":3}},"type":"if","locations":[{"start":{"line":208,"column":2},"end":{"line":210,"column":3}},{"start":{},"end":{}}],"line":208},"31":{"loc":{"start":{"line":214,"column":2},"end":{"line":219,"column":3}},"type":"if","locations":[{"start":{"line":214,"column":2},"end":{"line":219,"column":3}},{"start":{},"end":{}}],"line":214},"32":{"loc":{"start":{"line":245,"column":4},"end":{"line":245,"column":79}},"type":"binary-expr","locations":[{"start":{"line":245,"column":4},"end":{"line":245,"column":41}},{"start":{"line":245,"column":45},"end":{"line":245,"column":79}}],"line":245},"33":{"loc":{"start":{"line":250,"column":21},"end":{"line":250,"column":66}},"type":"binary-expr","locations":[{"start":{"line":250,"column":21},"end":{"line":250,"column":47}},{"start":{"line":250,"column":51},"end":{"line":250,"column":66}}],"line":250},"34":{"loc":{"start":{"line":260,"column":2},"end":{"line":265,"column":3}},"type":"if","locations":[{"start":{"line":260,"column":2},"end":{"line":265,"column":3}},{"start":{},"end":{}}],"line":260}},"s":{"0":1,"1":1,"2":1,"3":1,"4":1,"5":15,"6":1,"7":14,"8":1,"9":13,"10":1,"11":12,"12":0,"13":12,"14":1,"15":11,"16":1,"17":10,"18":10,"19":10,"20":1,"21":9,"22":9,"23":1,"24":6,"25":1,"26":0,"27":10,"28":10,"29":1,"30":9,"31":5,"32":1,"33":4,"34":4,"35":1,"36":1,"37":0,"38":3,"39":1,"40":2,"41":2,"42":2,"43":2,"44":2,"45":1,"46":6,"47":6,"48":6,"49":5,"50":2,"51":1,"52":2,"53":2,"54":1,"55":1,"56":1,"57":1,"58":0,"59":1,"60":4,"61":1,"62":3,"63":3,"64":2,"65":1,"66":1,"67":1,"68":1,"69":2,"70":2,"71":2,"72":2,"73":2,"74":2,"75":1,"76":1,"77":1},"f":{"0":15,"1":6,"2":0,"3":10,"4":5,"5":2,"6":2,"7":6,"8":2,"9":4,"10":1,"11":1,"12":1,"13":2,"14":2},"b":{"0":[1,14],"1":[15,15],"2":[1,13],"3":[1,12],"4":[0,12],"5":[1,11],"6":[1,10],"7":[11,10],"8":[1,9],"9":[1,8],"10":[1,5],"11":[1,9],"12":[1,4],"13":[1,0],"14":[1,2],"15":[3,1],"16":[2],"17":[2,0],"18":[1,1],"19":[1,1],"20":[1,0],"21":[1,1],"22":[1,1],"23":[1,1],"24":[1,1],"25":[1,1],"26":[0,1],"27":[1,1],"28":[0,1],"29":[0,1],"30":[1,3],"31":[2,1],"32":[2,1],"33":[2,1],"34":[1,1]},"_coverageSchema":"1a1c01bbd47fc00a2c39e90264f33305004495a9","hash":"4f14b4b64a91d376ce52f84faa570d0787f53df0"}
,"C:\\Users\\User\\Desktop\\UDESC\\Devops\\Trabalho 01\\API-Leiloes\\leiloes-service\\src\\utils\\erros.js": {"path":"C:\\Users\\User\\Desktop\\UDESC\\Devops\\Trabalho 01\\API-Leiloes\\leiloes-service\\src\\utils\\erros.js","statementMap":{"0":{"start":{"line":3,"column":4},"end":{"line":3,"column":20}},"1":{"start":{"line":4,"column":4},"end":{"line":4,"column":34}},"2":{"start":{"line":5,"column":4},"end":{"line":5,"column":25}},"3":{"start":{"line":9,"column":0},"end":{"line":9,"column":37}}},"fnMap":{"0":{"name":"(anonymous_0)","decl":{"start":{"line":2,"column":2},"end":{"line":2,"column":3}},"loc":{"start":{"line":2,"column":38},"end":{"line":6,"column":3}},"line":2}},"branchMap":{"0":{"loc":{"start":{"line":2,"column":24},"end":{"line":2,"column":36}},"type":"default-arg","locations":[{"start":{"line":2,"column":33},"end":{"line":2,"column":36}}],"line":2}},"s":{"0":18,"1":18,"2":18,"3":1},"f":{"0":18},"b":{"0":[10]},"_coverageSchema":"1a1c01bbd47fc00a2c39e90264f33305004495a9","hash":"9dcefe43321fc2496a283ac9dad8465a12369c73"}
,"C:\\Users\\User\\Desktop\\UDESC\\Devops\\Trabalho 01\\API-Leiloes\\leiloes-service\\src\\utils\\validadores.js": {"path":"C:\\Users\\User\\Desktop\\UDESC\\Devops\\Trabalho 01\\API-Leiloes\\leiloes-service\\src\\utils\\validadores.js","statementMap":{"0":{"start":{"line":1,"column":23},"end":{"line":1,"column":71}},"1":{"start":{"line":4,"column":30},"end":{"line":9,"column":1}},"2":{"start":{"line":12,"column":2},"end":{"line":12,"column":67}},"3":{"start":{"line":12,"column":29},"end":{"line":12,"column":67}},"4":{"start":{"line":13,"column":2},"end":{"line":13,"column":69}},"5":{"start":{"line":13,"column":56},"end":{"line":13,"column":69}},"6":{"start":{"line":14,"column":2},"end":{"line":14,"column":50}},"7":{"start":{"line":18,"column":2},"end":{"line":18,"column":57}},"8":{"start":{"line":22,"column":17},"end":{"line":22,"column":30}},"9":{"start":{"line":23,"column":2},"end":{"line":23,"column":47}},"10":{"start":{"line":27,"column":17},"end":{"line":27,"column":30}},"11":{"start":{"line":28,"column":2},"end":{"line":28,"column":48}},"12":{"start":{"line":32,"column":2},"end":{"line":32,"column":41}},"13":{"start":{"line":36,"column":21},"end":{"line":36,"column":55}},"14":{"start":{"line":37,"column":2},"end":{"line":37,"column":70}},"15":{"start":{"line":45,"column":2},"end":{"line":45,"column":82}},"16":{"start":{"line":48,"column":0},"end":{"line":58,"column":2}}},"fnMap":{"0":{"name":"dataValida","decl":{"start":{"line":11,"column":9},"end":{"line":11,"column":19}},"loc":{"start":{"line":11,"column":27},"end":{"line":15,"column":1}},"line":11},"1":{"name":"paraData","decl":{"start":{"line":17,"column":9},"end":{"line":17,"column":17}},"loc":{"start":{"line":17,"column":25},"end":{"line":19,"column":1}},"line":17},"2":{"name":"numeroPositivo","decl":{"start":{"line":21,"column":9},"end":{"line":21,"column":23}},"loc":{"start":{"line":21,"column":31},"end":{"line":24,"column":1}},"line":21},"3":{"name":"inteiroPositivo","decl":{"start":{"line":26,"column":9},"end":{"line":26,"column":24}},"loc":{"start":{"line":26,"column":32},"end":{"line":29,"column":1}},"line":26},"4":{"name":"statusValido","decl":{"start":{"line":31,"column":9},"end":{"line":31,"column":21}},"loc":{"start":{"line":31,"column":30},"end":{"line":33,"column":1}},"line":31},"5":{"name":"transicaoPermitida","decl":{"start":{"line":35,"column":9},"end":{"line":35,"column":27}},"loc":{"start":{"line":35,"column":53},"end":{"line":38,"column":1}},"line":35},"6":{"name":"periodosSobrepoem","decl":{"start":{"line":44,"column":9},"end":{"line":44,"column":26}},"loc":{"start":{"line":44,"column":57},"end":{"line":46,"column":1}},"line":44}},"branchMap":{"0":{"loc":{"start":{"line":12,"column":2},"end":{"line":12,"column":67}},"type":"if","locations":[{"start":{"line":12,"column":2},"end":{"line":12,"column":67}},{"start":{},"end":{}}],"line":12},"1":{"loc":{"start":{"line":13,"column":2},"end":{"line":13,"column":69}},"type":"if","locations":[{"start":{"line":13,"column":2},"end":{"line":13,"column":69}},{"start":{},"end":{}}],"line":13},"2":{"loc":{"start":{"line":13,"column":6},"end":{"line":13,"column":54}},"type":"binary-expr","locations":[{"start":{"line":13,"column":6},"end":{"line":13,"column":31}},{"start":{"line":13,"column":35},"end":{"line":13,"column":54}}],"line":13},"3":{"loc":{"start":{"line":18,"column":9},"end":{"line":18,"column":56}},"type":"cond-expr","locations":[{"start":{"line":18,"column":33},"end":{"line":18,"column":38}},{"start":{"line":18,"column":41},"end":{"line":18,"column":56}}],"line":18},"4":{"loc":{"start":{"line":23,"column":9},"end":{"line":23,"column":46}},"type":"binary-expr","locations":[{"start":{"line":23,"column":9},"end":{"line":23,"column":32}},{"start":{"line":23,"column":36},"end":{"line":23,"column":46}}],"line":23},"5":{"loc":{"start":{"line":28,"column":9},"end":{"line":28,"column":47}},"type":"binary-expr","locations":[{"start":{"line":28,"column":9},"end":{"line":28,"column":33}},{"start":{"line":28,"column":37},"end":{"line":28,"column":47}}],"line":28},"6":{"loc":{"start":{"line":37,"column":9},"end":{"line":37,"column":69}},"type":"binary-expr","locations":[{"start":{"line":37,"column":9},"end":{"line":37,"column":34}},{"start":{"line":37,"column":38},"end":{"line":37,"column":69}}],"line":37},"7":{"loc":{"start":{"line":45,"column":9},"end":{"line":45,"column":81}},"type":"binary-expr","locations":[{"start":{"line":45,"column":9},"end":{"line":45,"column":43}},{"start":{"line":45,"column":47},"end":{"line":45,"column":81}}],"line":45}},"s":{"0":2,"1":2,"2":26,"3":1,"4":25,"5":2,"6":23,"7":51,"8":29,"9":29,"10":22,"11":22,"12":6,"13":8,"14":8,"15":5,"16":2},"f":{"0":26,"1":51,"2":29,"3":22,"4":6,"5":8,"6":5},"b":{"0":[1,25],"1":[2,23],"2":[25,24],"3":[0,51],"4":[29,28],"5":[22,21],"6":[8,8],"7":[5,5]},"_coverageSchema":"1a1c01bbd47fc00a2c39e90264f33305004495a9","hash":"e8cbadc9fe318c8729ea98cf6afda43c286cee92"}
}
