TN:
SF:src\services\leilaoService.js
FN:20,validarDados
FN:61,validarDataFutura
FN:67,listar
FN:71,buscarPorId
FN:84,garantirLeiloeiroExiste
FN:114,garantirAgendaLivre
FN:116,(anonymous_6)
FN:128,cadastrar
FN:165,atualizar
FN:207,alterarStatus
FN:224,abrir
FN:228,encerrar
FN:232,cancelar
FN:240,consultarDisponibilidade
FN:258,remover
FNF:15
FNH:14
FNDA:15,validarDados
FNDA:6,validarDataFutura
FNDA:0,listar
FNDA:10,buscarPorId
FNDA:5,garantirLeiloeiroExiste
FNDA:2,garantirAgendaLivre
FNDA:2,(anonymous_6)
FNDA:6,cadastrar
FNDA:2,atualizar
FNDA:4,alterarStatus
FNDA:1,abrir
FNDA:1,encerrar
FNDA:1,cancelar
FNDA:2,consultarDisponibilidade
FNDA:2,remover
DA:1,1
DA:2,1
DA:3,1
DA:12,1
DA:14,1
DA:28,15
DA:29,1
DA:31,14
DA:32,1
DA:34,13
DA:35,1
DA:37,12
DA:38,0
DA:40,12
DA:41,1
DA:43,11
DA:44,1
DA:47,10
DA:48,10
DA:50,10
DA:51,1
DA:53,9
DA:54,9
DA:55,1
DA:62,6
DA:63,1
DA:68,0
DA:72,10
DA:73,10
DA:74,1
DA:76,9
DA:85,5
DA:86,1
DA:90,4
DA:91,4
DA:93,1
DA:94,1
DA:99,0
DA:104,3
DA:105,1
DA:107,2
DA:115,2
DA:116,2
DA:117,2
DA:120,2
DA:121,1
DA:140,6
DA:142,6
DA:143,6
DA:144,5
DA:145,2
DA:147,1
DA:166,2
DA:168,2
DA:169,1
DA:175,1
DA:184,1
DA:186,1
DA:187,0
DA:195,1
DA:208,4
DA:209,1
DA:212,3
DA:214,3
DA:215,2
DA:221,1
DA:225,1
DA:229,1
DA:233,1
DA:241,2
DA:242,2
DA:245,2
DA:247,2
DA:259,2
DA:260,2
DA:261,1
DA:266,1
DA:269,1
LF:78
LH:74
BRDA:28,0,0,1
BRDA:28,0,1,14
BRDA:28,1,0,15
BRDA:28,1,1,15
BRDA:31,2,0,1
BRDA:31,2,1,13
BRDA:34,3,0,1
BRDA:34,3,1,12
BRDA:37,4,0,0
BRDA:37,4,1,12
BRDA:40,5,0,1
BRDA:40,5,1,11
BRDA:43,6,0,1
BRDA:43,6,1,10
BRDA:43,7,0,11
BRDA:43,7,1,10
BRDA:50,8,0,1
BRDA:50,8,1,9
BRDA:54,9,0,1
BRDA:54,9,1,8
BRDA:62,10,0,1
BRDA:62,10,1,5
BRDA:73,11,0,1
BRDA:73,11,1,9
BRDA:85,12,0,1
BRDA:85,12,1,4
BRDA:93,13,0,1
BRDA:93,13,1,0
BRDA:104,14,0,1
BRDA:104,14,1,2
BRDA:104,15,0,3
BRDA:104,15,1,1
BRDA:114,16,0,2
BRDA:116,17,0,2
BRDA:116,17,1,0
BRDA:120,18,0,1
BRDA:120,18,1,1
BRDA:168,19,0,1
BRDA:168,19,1,1
BRDA:176,20,0,1
BRDA:176,20,1,0
BRDA:177,21,0,1
BRDA:177,21,1,1
BRDA:178,22,0,1
BRDA:178,22,1,1
BRDA:179,23,0,1
BRDA:179,23,1,1
BRDA:180,24,0,1
BRDA:180,24,1,1
BRDA:181,25,0,1
BRDA:181,25,1,1
BRDA:186,26,0,0
BRDA:186,26,1,1
BRDA:186,27,0,1
BRDA:186,27,1,1
BRDA:197,28,0,0
BRDA:197,28,1,1
BRDA:198,29,0,0
BRDA:198,29,1,1
BRDA:208,30,0,1
BRDA:208,30,1,3
BRDA:214,31,0,2
BRDA:214,31,1,1
BRDA:245,32,0,2
BRDA:245,32,1,1
BRDA:250,33,0,2
BRDA:250,33,1,1
BRDA:260,34,0,1
BRDA:260,34,1,1
BRF:69
BRH:62
end_of_record
TN:
SF:src\utils\erros.js
FN:2,(anonymous_0)
FNF:1
FNH:1
FNDA:18,(anonymous_0)
DA:3,18
DA:4,18
DA:5,18
DA:9,1
LF:4
LH:4
BRDA:2,0,0,10
BRF:1
BRH:1
end_of_record
TN:
SF:src\utils\validadores.js
FN:11,dataValida
FN:17,paraData
FN:21,numeroPositivo
FN:26,inteiroPositivo
FN:31,statusValido
FN:35,transicaoPermitida
FN:44,periodosSobrepoem
FNF:7
FNH:7
FNDA:26,dataValida
FNDA:51,paraData
FNDA:29,numeroPositivo
FNDA:22,inteiroPositivo
FNDA:6,statusValido
FNDA:8,transicaoPermitida
FNDA:5,periodosSobrepoem
DA:1,2
DA:4,2
DA:12,26
DA:13,25
DA:14,23
DA:18,51
DA:22,29
DA:23,29
DA:27,22
DA:28,22
DA:32,6
DA:36,8
DA:37,8
DA:45,5
DA:48,2
LF:15
LH:15
BRDA:12,0,0,1
BRDA:12,0,1,25
BRDA:13,1,0,2
BRDA:13,1,1,23
BRDA:13,2,0,25
BRDA:13,2,1,24
BRDA:18,3,0,0
BRDA:18,3,1,51
BRDA:23,4,0,29
BRDA:23,4,1,28
BRDA:28,5,0,22
BRDA:28,5,1,21
BRDA:37,6,0,8
BRDA:37,6,1,8
BRDA:45,7,0,5
BRDA:45,7,1,5
BRF:16
BRH:15
end_of_record
