{"/home/claude/leilao-microservices/usuarios-service/src/services/leiloeiroService.js": {"path":"/home/claude/leilao-microservices/usuarios-service/src/services/leiloeiroService.js","statementMap":{"0":{"start":{"line":1,"column":28},"end":{"line":1,"column":74}},"1":{"start":{"line":2,"column":28},"end":{"line":2,"column":53}},"2":{"start":{"line":3,"column":24},"end":{"line":3,"column":55}},"3":{"start":{"line":5,"column":23},"end":{"line":5,"column":48}},"4":{"start":{"line":8,"column":2},"end":{"line":10,"column":3}},"5":{"start":{"line":9,"column":4},"end":{"line":9,"column":70}},"6":{"start":{"line":11,"column":2},"end":{"line":13,"column":3}},"7":{"start":{"line":12,"column":4},"end":{"line":12,"column":50}},"8":{"start":{"line":14,"column":2},"end":{"line":18,"column":3}},"9":{"start":{"line":15,"column":4},"end":{"line":17,"column":6}},"10":{"start":{"line":22,"column":2},"end":{"line":22,"column":38}},"11":{"start":{"line":26,"column":20},"end":{"line":26,"column":61}},"12":{"start":{"line":27,"column":2},"end":{"line":29,"column":3}},"13":{"start":{"line":28,"column":4},"end":{"line":28,"column":64}},"14":{"start":{"line":30,"column":2},"end":{"line":30,"column":19}},"15":{"start":{"line":37,"column":2},"end":{"line":37,"column":54}},"16":{"start":{"line":39,"column":25},"end":{"line":39,"column":72}},"17":{"start":{"line":40,"column":2},"end":{"line":42,"column":3}},"18":{"start":{"line":41,"column":4},"end":{"line":41,"column":89}},"19":{"start":{"line":44,"column":28},"end":{"line":46,"column":3}},"20":{"start":{"line":47,"column":2},"end":{"line":49,"column":3}},"21":{"start":{"line":48,"column":4},"end":{"line":48,"column":104}},"22":{"start":{"line":51,"column":2},"end":{"line":51,"column":95}},"23":{"start":{"line":55,"column":2},"end":{"line":55,"column":24}},"24":{"start":{"line":56,"column":2},"end":{"line":58,"column":3}},"25":{"start":{"line":57,"column":4},"end":{"line":57,"column":70}},"26":{"start":{"line":59,"column":2},"end":{"line":59,"column":50}},"27":{"start":{"line":63,"column":2},"end":{"line":63,"column":24}},"28":{"start":{"line":64,"column":2},"end":{"line":64,"column":41}},"29":{"start":{"line":67,"column":0},"end":{"line":67,"column":86}}},"fnMap":{"0":{"name":"validarDados","decl":{"start":{"line":7,"column":9},"end":{"line":7,"column":21}},"loc":{"start":{"line":7,"column":61},"end":{"line":19,"column":1}},"line":7},"1":{"name":"listar","decl":{"start":{"line":21,"column":15},"end":{"line":21,"column":21}},"loc":{"start":{"line":21,"column":24},"end":{"line":23,"column":1}},"line":21},"2":{"name":"buscarPorId","decl":{"start":{"line":25,"column":15},"end":{"line":25,"column":26}},"loc":{"start":{"line":25,"column":31},"end":{"line":31,"column":1}},"line":25},"3":{"name":"cadastrar","decl":{"start":{"line":36,"column":15},"end":{"line":36,"column":24}},"loc":{"start":{"line":36,"column":85},"end":{"line":52,"column":1}},"line":36},"4":{"name":"atualizar","decl":{"start":{"line":54,"column":15},"end":{"line":54,"column":24}},"loc":{"start":{"line":54,"column":36},"end":{"line":60,"column":1}},"line":54},"5":{"name":"remover","decl":{"start":{"line":62,"column":15},"end":{"line":62,"column":22}},"loc":{"start":{"line":62,"column":27},"end":{"line":65,"column":1}},"line":62}},"branchMap":{"0":{"loc":{"start":{"line":8,"column":2},"end":{"line":10,"column":3}},"type":"if","locations":[{"start":{"line":8,"column":2},"end":{"line":10,"column":3}},{"start":{},"end":{}}],"line":8},"1":{"loc":{"start":{"line":8,"column":6},"end":{"line":8,"column":37}},"type":"binary-expr","locations":[{"start":{"line":8,"column":6},"end":{"line":8,"column":11}},{"start":{"line":8,"column":15},"end":{"line":8,"column":37}}],"line":8},"2":{"loc":{"start":{"line":11,"column":2},"end":{"line":13,"column":3}},"type":"if","locations":[{"start":{"line":11,"column":2},"end":{"line":13,"column":3}},{"start":{},"end":{}}],"line":11},"3":{"loc":{"start":{"line":14,"column":2},"end":{"line":18,"column":3}},"type":"if","locations":[{"start":{"line":14,"column":2},"end":{"line":18,"column":3}},{"start":{},"end":{}}],"line":14},"4":{"loc":{"start":{"line":14,"column":6},"end":{"line":14,"column":73}},"type":"binary-expr","locations":[{"start":{"line":14,"column":6},"end":{"line":14,"column":27}},{"start":{"line":14,"column":31},"end":{"line":14,"column":73}}],"line":14},"5":{"loc":{"start":{"line":27,"column":2},"end":{"line":29,"column":3}},"type":"if","locations":[{"start":{"line":27,"column":2},"end":{"line":29,"column":3}},{"start":{},"end":{}}],"line":27},"6":{"loc":{"start":{"line":40,"column":2},"end":{"line":42,"column":3}},"type":"if","locations":[{"start":{"line":40,"column":2},"end":{"line":42,"column":3}},{"start":{},"end":{}}],"line":40},"7":{"loc":{"start":{"line":47,"column":2},"end":{"line":49,"column":3}},"type":"if","locations":[{"start":{"line":47,"column":2},"end":{"line":49,"column":3}},{"start":{},"end":{}}],"line":47},"8":{"loc":{"start":{"line":56,"column":2},"end":{"line":58,"column":3}},"type":"if","locations":[{"start":{"line":56,"column":2},"end":{"line":58,"column":3}},{"start":{},"end":{}}],"line":56},"9":{"loc":{"start":{"line":56,"column":6},"end":{"line":56,"column":48}},"type":"binary-expr","locations":[{"start":{"line":56,"column":6},"end":{"line":56,"column":16}},{"start":{"line":56,"column":20},"end":{"line":56,"column":48}}],"line":56}},"s":{"0":1,"1":1,"2":1,"3":1,"4":7,"5":1,"6":6,"7":1,"8":5,"9":1,"10":0,"11":1,"12":1,"13":1,"14":0,"15":3,"16":3,"17":3,"18":1,"19":2,"20":2,"21":1,"22":1,"23":0,"24":0,"25":0,"26":0,"27":0,"28":0,"29":1},"f":{"0":7,"1":0,"2":1,"3":3,"4":0,"5":0},"b":{"0":[1,6],"1":[7,7],"2":[1,5],"3":[1,4],"4":[5,5],"5":[1,0],"6":[1,2],"7":[1,1],"8":[0,0],"9":[0,0]},"_coverageSchema":"1a1c01bbd47fc00a2c39e90264f33305004495a9","hash":"dc024596dc86e09f9501ac05f119cb4cddd42795"}
,"/home/claude/leilao-microservices/usuarios-service/src/services/licitanteService.js": {"path":"/home/claude/leilao-microservices/usuarios-service/src/services/licitanteService.js","statementMap":{"0":{"start":{"line":1,"column":28},"end":{"line":1,"column":74}},"1":{"start":{"line":2,"column":28},"end":{"line":2,"column":53}},"2":{"start":{"line":3,"column":35},"end":{"line":3,"column":66}},"3":{"start":{"line":6,"column":2},"end":{"line":8,"column":3}},"4":{"start":{"line":7,"column":4},"end":{"line":7,"column":70}},"5":{"start":{"line":9,"column":2},"end":{"line":11,"column":3}},"6":{"start":{"line":10,"column":4},"end":{"line":10,"column":50}},"7":{"start":{"line":12,"column":2},"end":{"line":14,"column":3}},"8":{"start":{"line":13,"column":4},"end":{"line":13,"column":47}},"9":{"start":{"line":15,"column":2},"end":{"line":17,"column":3}},"10":{"start":{"line":16,"column":4},"end":{"line":16,"column":74}},"11":{"start":{"line":21,"column":2},"end":{"line":21,"column":38}},"12":{"start":{"line":25,"column":20},"end":{"line":25,"column":61}},"13":{"start":{"line":26,"column":2},"end":{"line":28,"column":3}},"14":{"start":{"line":27,"column":4},"end":{"line":27,"column":64}},"15":{"start":{"line":29,"column":2},"end":{"line":29,"column":19}},"16":{"start":{"line":36,"column":19},"end":{"line":36,"column":49}},"17":{"start":{"line":37,"column":2},"end":{"line":37,"column":62}},"18":{"start":{"line":39,"column":25},"end":{"line":39,"column":72}},"19":{"start":{"line":40,"column":2},"end":{"line":42,"column":3}},"20":{"start":{"line":41,"column":4},"end":{"line":41,"column":89}},"21":{"start":{"line":44,"column":23},"end":{"line":44,"column":71}},"22":{"start":{"line":45,"column":2},"end":{"line":47,"column":3}},"23":{"start":{"line":46,"column":4},"end":{"line":46,"column":86}},"24":{"start":{"line":49,"column":2},"end":{"line":56,"column":5}},"25":{"start":{"line":60,"column":2},"end":{"line":60,"column":24}},"26":{"start":{"line":61,"column":2},"end":{"line":63,"column":3}},"27":{"start":{"line":62,"column":4},"end":{"line":62,"column":70}},"28":{"start":{"line":64,"column":2},"end":{"line":66,"column":3}},"29":{"start":{"line":65,"column":4},"end":{"line":65,"column":74}},"30":{"start":{"line":67,"column":2},"end":{"line":67,"column":50}},"31":{"start":{"line":71,"column":2},"end":{"line":71,"column":24}},"32":{"start":{"line":72,"column":2},"end":{"line":72,"column":41}},"33":{"start":{"line":75,"column":0},"end":{"line":75,"column":86}}},"fnMap":{"0":{"name":"validarDados","decl":{"start":{"line":5,"column":9},"end":{"line":5,"column":21}},"loc":{"start":{"line":5,"column":59},"end":{"line":18,"column":1}},"line":5},"1":{"name":"listar","decl":{"start":{"line":20,"column":15},"end":{"line":20,"column":21}},"loc":{"start":{"line":20,"column":24},"end":{"line":22,"column":1}},"line":20},"2":{"name":"buscarPorId","decl":{"start":{"line":24,"column":15},"end":{"line":24,"column":26}},"loc":{"start":{"line":24,"column":31},"end":{"line":30,"column":1}},"line":24},"3":{"name":"cadastrar","decl":{"start":{"line":35,"column":15},"end":{"line":35,"column":24}},"loc":{"start":{"line":35,"column":83},"end":{"line":57,"column":1}},"line":35},"4":{"name":"atualizar","decl":{"start":{"line":59,"column":15},"end":{"line":59,"column":24}},"loc":{"start":{"line":59,"column":36},"end":{"line":68,"column":1}},"line":59},"5":{"name":"remover","decl":{"start":{"line":70,"column":15},"end":{"line":70,"column":22}},"loc":{"start":{"line":70,"column":27},"end":{"line":73,"column":1}},"line":70}},"branchMap":{"0":{"loc":{"start":{"line":6,"column":2},"end":{"line":8,"column":3}},"type":"if","locations":[{"start":{"line":6,"column":2},"end":{"line":8,"column":3}},{"start":{},"end":{}}],"line":6},"1":{"loc":{"start":{"line":6,"column":6},"end":{"line":6,"column":37}},"type":"binary-expr","locations":[{"start":{"line":6,"column":6},"end":{"line":6,"column":11}},{"start":{"line":6,"column":15},"end":{"line":6,"column":37}}],"line":6},"2":{"loc":{"start":{"line":9,"column":2},"end":{"line":11,"column":3}},"type":"if","locations":[{"start":{"line":9,"column":2},"end":{"line":11,"column":3}},{"start":{},"end":{}}],"line":9},"3":{"loc":{"start":{"line":12,"column":2},"end":{"line":14,"column":3}},"type":"if","locations":[{"start":{"line":12,"column":2},"end":{"line":14,"column":3}},{"start":{},"end":{}}],"line":12},"4":{"loc":{"start":{"line":15,"column":2},"end":{"line":17,"column":3}},"type":"if","locations":[{"start":{"line":15,"column":2},"end":{"line":17,"column":3}},{"start":{},"end":{}}],"line":15},"5":{"loc":{"start":{"line":15,"column":6},"end":{"line":15,"column":62}},"type":"binary-expr","locations":[{"start":{"line":15,"column":6},"end":{"line":15,"column":33}},{"start":{"line":15,"column":37},"end":{"line":15,"column":62}}],"line":15},"6":{"loc":{"start":{"line":26,"column":2},"end":{"line":28,"column":3}},"type":"if","locations":[{"start":{"line":26,"column":2},"end":{"line":28,"column":3}},{"start":{},"end":{}}],"line":26},"7":{"loc":{"start":{"line":36,"column":20},"end":{"line":36,"column":29}},"type":"binary-expr","locations":[{"start":{"line":36,"column":20},"end":{"line":36,"column":23}},{"start":{"line":36,"column":27},"end":{"line":36,"column":29}}],"line":36},"8":{"loc":{"start":{"line":40,"column":2},"end":{"line":42,"column":3}},"type":"if","locations":[{"start":{"line":40,"column":2},"end":{"line":42,"column":3}},{"start":{},"end":{}}],"line":40},"9":{"loc":{"start":{"line":45,"column":2},"end":{"line":47,"column":3}},"type":"if","locations":[{"start":{"line":45,"column":2},"end":{"line":47,"column":3}},{"start":{},"end":{}}],"line":45},"10":{"loc":{"start":{"line":61,"column":2},"end":{"line":63,"column":3}},"type":"if","locations":[{"start":{"line":61,"column":2},"end":{"line":63,"column":3}},{"start":{},"end":{}}],"line":61},"11":{"loc":{"start":{"line":61,"column":6},"end":{"line":61,"column":48}},"type":"binary-expr","locations":[{"start":{"line":61,"column":6},"end":{"line":61,"column":16}},{"start":{"line":61,"column":20},"end":{"line":61,"column":48}}],"line":61},"12":{"loc":{"start":{"line":64,"column":2},"end":{"line":66,"column":3}},"type":"if","locations":[{"start":{"line":64,"column":2},"end":{"line":66,"column":3}},{"start":{},"end":{}}],"line":64},"13":{"loc":{"start":{"line":64,"column":6},"end":{"line":64,"column":74}},"type":"binary-expr","locations":[{"start":{"line":64,"column":6},"end":{"line":64,"column":39}},{"start":{"line":64,"column":43},"end":{"line":64,"column":74}}],"line":64}},"s":{"0":1,"1":1,"2":1,"3":7,"4":1,"5":6,"6":0,"7":6,"8":1,"9":5,"10":1,"11":0,"12":1,"13":1,"14":1,"15":0,"16":3,"17":3,"18":3,"19":3,"20":1,"21":2,"22":2,"23":1,"24":1,"25":0,"26":0,"27":0,"28":0,"29":0,"30":0,"31":0,"32":0,"33":1},"f":{"0":7,"1":0,"2":1,"3":3,"4":0,"5":0},"b":{"0":[1,6],"1":[7,7],"2":[0,6],"3":[1,5],"4":[1,4],"5":[5,3],"6":[1,0],"7":[3,0],"8":[1,2],"9":[1,1],"10":[0,0],"11":[0,0],"12":[0,0],"13":[0,0]},"_coverageSchema":"1a1c01bbd47fc00a2c39e90264f33305004495a9","hash":"b8fc3056905d5072fc3a9ab6fbba1bbd2337de9c"}
,"/home/claude/leilao-microservices/usuarios-service/src/utils/erros.js": {"path":"/home/claude/leilao-microservices/usuarios-service/src/utils/erros.js","statementMap":{"0":{"start":{"line":3,"column":4},"end":{"line":3,"column":20}},"1":{"start":{"line":4,"column":4},"end":{"line":4,"column":34}},"2":{"start":{"line":5,"column":4},"end":{"line":5,"column":25}},"3":{"start":{"line":9,"column":0},"end":{"line":9,"column":37}}},"fnMap":{"0":{"name":"(anonymous_0)","decl":{"start":{"line":2,"column":2},"end":{"line":2,"column":3}},"loc":{"start":{"line":2,"column":38},"end":{"line":6,"column":3}},"line":2}},"branchMap":{"0":{"loc":{"start":{"line":2,"column":24},"end":{"line":2,"column":36}},"type":"default-arg","locations":[{"start":{"line":2,"column":33},"end":{"line":2,"column":36}}],"line":2}},"s":{"0":12,"1":12,"2":12,"3":2},"f":{"0":12},"b":{"0":[6]},"_coverageSchema":"1a1c01bbd47fc00a2c39e90264f33305004495a9","hash":"204686b00678649317f593e6db1f8eaa7935cb74"}
,"/home/claude/leilao-microservices/usuarios-service/src/utils/validadores.js": {"path":"/home/claude/leilao-microservices/usuarios-service/src/utils/validadores.js","statementMap":{"0":{"start":{"line":1,"column":20},"end":{"line":1,"column":48}},"1":{"start":{"line":4,"column":2},"end":{"line":4,"column":62}},"2":{"start":{"line":8,"column":2},"end":{"line":8,"column":44}},"3":{"start":{"line":8,"column":31},"end":{"line":8,"column":44}},"4":{"start":{"line":9,"column":16},"end":{"line":9,"column":38}},"5":{"start":{"line":10,"column":2},"end":{"line":10,"column":40}},"6":{"start":{"line":10,"column":27},"end":{"line":10,"column":40}},"7":{"start":{"line":11,"column":2},"end":{"line":11,"column":47}},"8":{"start":{"line":11,"column":34},"end":{"line":11,"column":47}},"9":{"start":{"line":13,"column":25},"end":{"line":22,"column":3}},"10":{"start":{"line":14,"column":15},"end":{"line":14,"column":16}},"11":{"start":{"line":15,"column":15},"end":{"line":15,"column":30}},"12":{"start":{"line":16,"column":4},"end":{"line":19,"column":5}},"13":{"start":{"line":17,"column":6},"end":{"line":17,"column":34}},"14":{"start":{"line":18,"column":6},"end":{"line":18,"column":16}},"15":{"start":{"line":20,"column":18},"end":{"line":20,"column":34}},"16":{"start":{"line":21,"column":4},"end":{"line":21,"column":36}},"17":{"start":{"line":24,"column":18},"end":{"line":24,"column":51}},"18":{"start":{"line":25,"column":18},"end":{"line":25,"column":61}},"19":{"start":{"line":27,"column":2},"end":{"line":27,"column":73}},"20":{"start":{"line":30,"column":0},"end":{"line":30,"column":44}}},"fnMap":{"0":{"name":"emailValido","decl":{"start":{"line":3,"column":9},"end":{"line":3,"column":20}},"loc":{"start":{"line":3,"column":28},"end":{"line":5,"column":1}},"line":3},"1":{"name":"cpfValido","decl":{"start":{"line":7,"column":9},"end":{"line":7,"column":18}},"loc":{"start":{"line":7,"column":24},"end":{"line":28,"column":1}},"line":7},"2":{"name":"(anonymous_2)","decl":{"start":{"line":13,"column":25},"end":{"line":13,"column":26}},"loc":{"start":{"line":13,"column":35},"end":{"line":22,"column":3}},"line":13}},"branchMap":{"0":{"loc":{"start":{"line":4,"column":9},"end":{"line":4,"column":61}},"type":"binary-expr","locations":[{"start":{"line":4,"column":9},"end":{"line":4,"column":34}},{"start":{"line":4,"column":38},"end":{"line":4,"column":61}}],"line":4},"1":{"loc":{"start":{"line":8,"column":2},"end":{"line":8,"column":44}},"type":"if","locations":[{"start":{"line":8,"column":2},"end":{"line":8,"column":44}},{"start":{},"end":{}}],"line":8},"2":{"loc":{"start":{"line":10,"column":2},"end":{"line":10,"column":40}},"type":"if","locations":[{"start":{"line":10,"column":2},"end":{"line":10,"column":40}},{"start":{},"end":{}}],"line":10},"3":{"loc":{"start":{"line":11,"column":2},"end":{"line":11,"column":47}},"type":"if","locations":[{"start":{"line":11,"column":2},"end":{"line":11,"column":47}},{"start":{},"end":{}}],"line":11},"4":{"loc":{"start":{"line":21,"column":11},"end":{"line":21,"column":35}},"type":"cond-expr","locations":[{"start":{"line":21,"column":26},"end":{"line":21,"column":27}},{"start":{"line":21,"column":30},"end":{"line":21,"column":35}}],"line":21}},"s":{"0":2,"1":12,"2":6,"3":0,"4":6,"5":6,"6":0,"7":6,"8":1,"9":5,"10":10,"11":10,"12":10,"13":95,"14":95,"15":10,"16":10,"17":5,"18":5,"19":5,"20":2},"f":{"0":12,"1":6,"2":10},"b":{"0":[12,12],"1":[0,6],"2":[0,6],"3":[1,5],"4":[0,10]},"_coverageSchema":"1a1c01bbd47fc00a2c39e90264f33305004495a9","hash":"142420e30cc4903431368dda2cd845c2d9169137"}
}
