TN:
SF:src/services/leiloeiroService.js
FN:7,validarDados
FN:21,listar
FN:25,buscarPorId
FN:36,cadastrar
FN:54,atualizar
FN:62,remover
FNF:6
FNH:3
FNDA:7,validarDados
FNDA:0,listar
FNDA:1,buscarPorId
FNDA:3,cadastrar
FNDA:0,atualizar
FNDA:0,remover
DA:1,1
DA:2,1
DA:3,1
DA:5,1
DA:8,7
DA:9,1
DA:11,6
DA:12,1
DA:14,5
DA:15,1
DA:22,0
DA:26,1
DA:27,1
DA:28,1
DA:30,0
DA:37,3
DA:39,3
DA:40,3
DA:41,1
DA:44,2
DA:47,2
DA:48,1
DA:51,1
DA:55,0
DA:56,0
DA:57,0
DA:59,0
DA:63,0
DA:64,0
DA:67,1
LF:30
LH:22
BRDA:8,0,0,1
BRDA:8,0,1,6
BRDA:8,1,0,7
BRDA:8,1,1,7
BRDA:11,2,0,1
BRDA:11,2,1,5
BRDA:14,3,0,1
BRDA:14,3,1,4
BRDA:14,4,0,5
BRDA:14,4,1,5
BRDA:27,5,0,1
BRDA:27,5,1,0
BRDA:40,6,0,1
BRDA:40,6,1,2
BRDA:47,7,0,1
BRDA:47,7,1,1
BRDA:56,8,0,0
BRDA:56,8,1,0
BRDA:56,9,0,0
BRDA:56,9,1,0
BRF:20
BRH:15
end_of_record
TN:
SF:src/services/licitanteService.js
FN:5,validarDados
FN:20,listar
FN:24,buscarPorId
FN:35,cadastrar
FN:59,atualizar
FN:70,remover
FNF:6
FNH:3
FNDA:7,validarDados
FNDA:0,listar
FNDA:1,buscarPorId
FNDA:3,cadastrar
FNDA:0,atualizar
FNDA:0,remover
DA:1,1
DA:2,1
DA:3,1
DA:6,7
DA:7,1
DA:9,6
DA:10,0
DA:12,6
DA:13,1
DA:15,5
DA:16,1
DA:21,0
DA:25,1
DA:26,1
DA:27,1
DA:29,0
DA:36,3
DA:37,3
DA:39,3
DA:40,3
DA:41,1
DA:44,2
DA:45,2
DA:46,1
DA:49,1
DA:60,0
DA:61,0
DA:62,0
DA:64,0
DA:65,0
DA:67,0
DA:71,0
DA:72,0
DA:75,1
LF:34
LH:23
BRDA:6,0,0,1
BRDA:6,0,1,6
BRDA:6,1,0,7
BRDA:6,1,1,7
BRDA:9,2,0,0
BRDA:9,2,1,6
BRDA:12,3,0,1
BRDA:12,3,1,5
BRDA:15,4,0,1
BRDA:15,4,1,4
BRDA:15,5,0,5
BRDA:15,5,1,3
BRDA:26,6,0,1
BRDA:26,6,1,0
BRDA:36,7,0,3
BRDA:36,7,1,0
BRDA:40,8,0,1
BRDA:40,8,1,2
BRDA:45,9,0,1
BRDA:45,9,1,1
BRDA:61,10,0,0
BRDA:61,10,1,0
BRDA:61,11,0,0
BRDA:61,11,1,0
BRDA:64,12,0,0
BRDA:64,12,1,0
BRDA:64,13,0,0
BRDA:64,13,1,0
BRF:28
BRH:17
end_of_record
TN:
SF:src/utils/erros.js
FN:2,(anonymous_0)
FNF:1
FNH:1
FNDA:12,(anonymous_0)
DA:3,12
DA:4,12
DA:5,12
DA:9,2
LF:4
LH:4
BRDA:2,0,0,6
BRF:1
BRH:1
end_of_record
TN:
SF:src/utils/validadores.js
FN:3,emailValido
FN:7,cpfValido
FN:13,(anonymous_2)
FNF:3
FNH:3
FNDA:12,emailValido
FNDA:6,cpfValido
FNDA:10,(anonymous_2)
DA:1,2
DA:4,12
DA:8,6
DA:9,6
DA:10,6
DA:11,6
DA:13,5
DA:14,10
DA:15,10
DA:16,10
DA:17,95
DA:18,95
DA:20,10
DA:21,10
DA:24,5
DA:25,5
DA:27,5
DA:30,2
LF:18
LH:18
BRDA:4,0,0,12
BRDA:4,0,1,12
BRDA:8,1,0,0
BRDA:8,1,1,6
BRDA:10,2,0,0
BRDA:10,2,1,6
BRDA:11,3,0,1
BRDA:11,3,1,5
BRDA:21,4,0,0
BRDA:21,4,1,10
BRF:10
BRH:7
end_of_record
